[12:08:13] [main/INFO]: Setting user: Player272
[12:08:18] [Client thread/INFO]: LWJGL Version: 2.9.1
[12:08:37] [Client thread/INFO]: Reloading ResourceManager: Default, FMLFileResourcePack:Forge Mod Loader, FMLFileResourcePack:Minecraft Forge, FMLFileResourcePack:Yet Another Random Mod - YARM
[12:08:38] [Sound Library Loader/INFO]: Sound engine started
[12:08:44] [Client thread/INFO]: Created: 512x256 textures/blocks-atlas
[12:08:45] [Client thread/INFO]: Created: 256x256 textures/items-atlas
[12:08:45] [Client thread/INFO]: Reloading ResourceManager: Default, FMLFileResourcePack:Forge Mod Loader, FMLFileResourcePack:Minecraft Forge, FMLFileResourcePack:Yet Another Random Mod - YARM
[12:08:46] [Client thread/INFO]: Created: 512x256 textures/blocks-atlas
[12:08:46] [Client thread/INFO]: Created: 256x256 textures/items-atlas
[12:08:47] [Sound Library Loader/INFO]: Sound engine started
[12:09:27] [Server thread/INFO]: Starting integrated minecraft server version 1.7.10
[12:09:27] [Server thread/INFO]: Generating keypair
[12:09:27] [Server thread/INFO]: Converting map!
[12:09:27] [Server thread/INFO]: Scanning folders...
[12:09:27] [Server thread/INFO]: Total conversion count is 0
[12:09:28] [Server thread/INFO]: Preparing start region for level 0
[12:09:29] [Server thread/INFO]: Preparing spawn area: 8%
[12:09:30] [Server thread/INFO]: Preparing spawn area: 24%
[12:09:31] [Server thread/INFO]: Preparing spawn area: 35%
[12:09:32] [Server thread/INFO]: Preparing spawn area: 56%
[12:09:33] [Server thread/INFO]: Preparing spawn area: 84%
[12:09:34] [Server thread/INFO]: Changing view distance to 12, from 10
[12:09:36] [Server thread/INFO]: Player272[local:E:865ba69b] logged in with entity id 27 at (77.5, 64.0, 122.5)
[12:09:36] [Server thread/INFO]: Player272 joined the game
[12:09:39] [Server thread/WARN]: Can't keep up! Did the system time change, or is the server overloaded? Running 2124ms behind, skipping 42 tick(s)
[12:10:32] [Server thread/INFO]: Player272 has just earned the achievement [Taking Inventory]
[12:10:32] [Client thread/INFO]: [CHAT] Player272 has just earned the achievement [Taking Inventory]
[12:10:42] [Client thread/INFO]: [CHAT] yarm:ItemManmedFace, yarm:ItemUnRealFace
[12:10:44] [Server thread/INFO]: [Player272: Given [item.yarm:Manmed_Face.name] * 1 to Player272]
[12:10:44] [Client thread/INFO]: [CHAT] Given [item.yarm:Manmed_Face.name] * 1 to Player272
[12:10:49] [Client thread/INFO]: [CHAT] yarm:ItemManmedFace, yarm:ItemUnRealFace
[12:10:50] [Client thread/INFO]: [CHAT] yarm:ItemManmedFace, yarm:ItemUnRealFace
[12:10:50] [Server thread/INFO]: [Player272: Given [item.yarm:UnReal_Face.name] * 1 to Player272]
[12:10:50] [Client thread/INFO]: [CHAT] Given [item.yarm:UnReal_Face.name] * 1 to Player272
[12:14:55] [Client thread/INFO]: Warning: Clientside chunk ticking took 106 ms
[12:14:55] [Client thread/INFO]: Warning: Clientside chunk ticking took 110 ms
[12:20:50] [Server thread/INFO]: Saving and pausing game...
[12:20:50] [Server thread/INFO]: Saving chunks for level 'New World'/Overworld
[12:20:50] [Server thread/INFO]: Saving chunks for level 'New World'/Nether
[12:20:50] [Server thread/INFO]: Saving chunks for level 'New World'/The End
[12:20:51] [Server thread/INFO]: Stopping server
[12:20:51] [Server thread/INFO]: Saving players
[12:20:51] [Server thread/INFO]: Saving worlds
[12:20:51] [Server thread/INFO]: Saving chunks for level 'New World'/Overworld
[12:20:51] [Server thread/INFO]: Saving chunks for level 'New World'/Nether
[12:20:51] [Server thread/INFO]: Saving chunks for level 'New World'/The End
[12:20:54] [Client thread/INFO]: Stopping!
